# JRE version: OpenJDK Runtime Environment (8.0_252-b09) (build 1.8.0_252-8u252-b09-1ubuntu1-b09)
# Java VM: OpenJDK 64-Bit Server VM (25.252-b09 mixed mode linux-amd64 compressed oops)
Heap:
 PSYoungGen      total 302592K, used 283811K [0x00000000eb300000, 0x0000000100000000, 0x0000000100000000)
  eden space 264192K, 93% used [0x00000000eb300000,0x00000000fa560b80,0x00000000fb500000)
  from space 38400K, 92% used [0x00000000fb500000,0x00000000fd7c8240,0x00000000fda80000)
  to   space 38400K, 0% used [0x00000000fda80000,0x00000000fda80000,0x0000000100000000)
 ParOldGen       total 683008K, used 286800K [0x00000000c1800000, 0x00000000eb300000, 0x00000000eb300000)
  object space 683008K, 41% used [0x00000000c1800000,0x00000000d30141f8,0x00000000eb300000)
 Metaspace       used 75865K, capacity 81440K, committed 81624K, reserved 1120256K
  class space    used 10027K, capacity 11458K, committed 11480K, reserved 1048576K
GC Heap History (10 events):
Event: 31823,959 GC heap before
{Heap before GC invocations=152 (full 3):
 PSYoungGen      total 302080K, used 298656K [0x00000000eb300000, 0x0000000100000000, 0x0000000100000000)
  eden space 263168K, 100% used [0x00000000eb300000,0x00000000fb400000,0x00000000fb400000)
  from space 38912K, 91% used [0x00000000fda00000,0x00000000ffca8000,0x0000000100000000)
  to   space 38912K, 0% used [0x00000000fb400000,0x00000000fb400000,0x00000000fda00000)
 ParOldGen       total 683008K, used 274688K [0x00000000c1800000, 0x00000000eb300000, 0x00000000eb300000)
  object space 683008K, 40% used [0x00000000c1800000,0x00000000d24401f8,0x00000000eb300000)
 Metaspace       used 75752K, capacity 81368K, committed 81624K, reserved 1120256K
  class space    used 10018K, capacity 11454K, committed 11480K, reserved 1048576K
Event: 31824,119 GC heap after
Heap after GC invocations=152 (full 3):
 PSYoungGen      total 302080K, used 35520K [0x00000000eb300000, 0x0000000100000000, 0x0000000100000000)
  eden space 263168K, 0% used [0x00000000eb300000,0x00000000eb300000,0x00000000fb400000)
  from space 38912K, 91% used [0x00000000fb400000,0x00000000fd6b0240,0x00000000fda00000)
  to   space 38400K, 0% used [0x00000000fda80000,0x00000000fda80000,0x0000000100000000)
 ParOldGen       total 683008K, used 277104K [0x00000000c1800000, 0x00000000eb300000, 0x00000000eb300000)
  object space 683008K, 40% used [0x00000000c1800000,0x00000000d269c1f8,0x00000000eb300000)
 Metaspace       used 75752K, capacity 81368K, committed 81624K, reserved 1120256K
  class space    used 10018K, capacity 11454K, committed 11480K, reserved 1048576K
}
Event: 32358,359 GC heap before
{Heap before GC invocations=153 (full 3):
 PSYoungGen      total 302080K, used 298688K [0x00000000eb300000, 0x0000000100000000, 0x0000000100000000)
  eden space 263168K, 100% used [0x00000000eb300000,0x00000000fb400000,0x00000000fb400000)
  from space 38912K, 91% used [0x00000000fb400000,0x00000000fd6b0240,0x00000000fda00000)
  to   space 38400K, 0% used [0x00000000fda80000,0x00000000fda80000,0x0000000100000000)
 ParOldGen       total 683008K, used 277104K [0x00000000c1800000, 0x00000000eb300000, 0x00000000eb300000)
  object space 683008K, 40% used [0x00000000c1800000,0x00000000d269c1f8,0x00000000eb300000)
 Metaspace       used 75760K, capacity 81432K, committed 81624K, reserved 1120256K
  class space    used 10018K, capacity 11454K, committed 11480K, reserved 1048576K
Event: 32358,484 GC heap after
Heap after GC invocations=153 (full 3):
 PSYoungGen      total 302592K, used 35552K [0x00000000eb300000, 0x0000000100000000, 0x0000000100000000)
  eden space 264192K, 0% used [0x00000000eb300000,0x00000000eb300000,0x00000000fb500000)
  from space 38400K, 92% used [0x00000000fda80000,0x00000000ffd38240,0x0000000100000000)
  to   space 38400K, 0% used [0x00000000fb500000,0x00000000fb500000,0x00000000fda80000)
 ParOldGen       total 683008K, used 279544K [0x00000000c1800000, 0x00000000eb300000, 0x00000000eb300000)
  object space 683008K, 40% used [0x00000000c1800000,0x00000000d28fe1f8,0x00000000eb300000)
 Metaspace       used 75760K, capacity 81432K, committed 81624K, reserved 1120256K
  class space    used 10018K, capacity 11454K, committed 11480K, reserved 1048576K
}
Event: 32894,909 GC heap before
{Heap before GC invocations=154 (full 3):
 PSYoungGen      total 302592K, used 299744K [0x00000000eb300000, 0x0000000100000000, 0x0000000100000000)
  eden space 264192K, 100% used [0x00000000eb300000,0x00000000fb500000,0x00000000fb500000)
  from space 38400K, 92% used [0x00000000fda80000,0x00000000ffd38240,0x0000000100000000)
  to   space 38400K, 0% used [0x00000000fb500000,0x00000000fb500000,0x00000000fda80000)
 ParOldGen       total 683008K, used 279544K [0x00000000c1800000, 0x00000000eb300000, 0x00000000eb300000)
  object space 683008K, 40% used [0x00000000c1800000,0x00000000d28fe1f8,0x00000000eb300000)
 Metaspace       used 75760K, capacity 81432K, committed 81624K, reserved 1120256K
  class space    used 10018K, capacity 11454K, committed 11480K, reserved 1048576K
Event: 32895,054 GC heap after
Heap after GC invocations=154 (full 3):
 PSYoungGen      total 302592K, used 35664K [0x00000000eb300000, 0x0000000100000000, 0x0000000100000000)
  eden space 264192K, 0% used [0x00000000eb300000,0x00000000eb300000,0x00000000fb500000)
  from space 38400K, 92% used [0x00000000fb500000,0x00000000fd7d4230,0x00000000fda80000)
  to   space 38400K, 0% used [0x00000000fda80000,0x00000000fda80000,0x0000000100000000)
 ParOldGen       total 683008K, used 281968K [0x00000000c1800000, 0x00000000eb300000, 0x00000000eb300000)
  object space 683008K, 41% used [0x00000000c1800000,0x00000000d2b5c1f8,0x00000000eb300000)
 Metaspace       used 75760K, capacity 81432K, committed 81624K, reserved 1120256K
  class space    used 10018K, capacity 11454K, committed 11480K, reserved 1048576K
}
Event: 33431,409 GC heap before
{Heap before GC invocations=155 (full 3):
 PSYoungGen      total 302592K, used 299856K [0x00000000eb300000, 0x0000000100000000, 0x0000000100000000)
  eden space 264192K, 100% used [0x00000000eb300000,0x00000000fb500000,0x00000000fb500000)
  from space 38400K, 92% used [0x00000000fb500000,0x00000000fd7d4230,0x00000000fda80000)
  to   space 38400K, 0% used [0x00000000fda80000,0x00000000fda80000,0x0000000100000000)
 ParOldGen       total 683008K, used 281968K [0x00000000c1800000, 0x00000000eb300000, 0x00000000eb300000)
  object space 683008K, 41% used [0x00000000c1800000,0x00000000d2b5c1f8,0x00000000eb300000)
 Metaspace       used 75771K, capacity 81432K, committed 81624K, reserved 1120256K
  class space    used 10018K, capacity 11454K, committed 11480K, reserved 1048576K
Event: 33431,575 GC heap after
Heap after GC invocations=155 (full 3):
 PSYoungGen      total 302592K, used 35600K [0x00000000eb300000, 0x0000000100000000, 0x0000000100000000)
  eden space 264192K, 0% used [0x00000000eb300000,0x00000000eb300000,0x00000000fb500000)
  from space 38400K, 92% used [0x00000000fda80000,0x00000000ffd44230,0x0000000100000000)
  to   space 38400K, 0% used [0x00000000fb500000,0x00000000fb500000,0x00000000fda80000)
 ParOldGen       total 683008K, used 284376K [0x00000000c1800000, 0x00000000eb300000, 0x00000000eb300000)
  object space 683008K, 41% used [0x00000000c1800000,0x00000000d2db61f8,0x00000000eb300000)
 Metaspace       used 75771K, capacity 81432K, committed 81624K, reserved 1120256K
  class space    used 10018K, capacity 11454K, committed 11480K, reserved 1048576K
}
Event: 33970,109 GC heap before
{Heap before GC invocations=156 (full 3):
 PSYoungGen      total 302592K, used 299792K [0x00000000eb300000, 0x0000000100000000, 0x0000000100000000)
  eden space 264192K, 100% used [0x00000000eb300000,0x00000000fb500000,0x00000000fb500000)
  from space 38400K, 92% used [0x00000000fda80000,0x00000000ffd44230,0x0000000100000000)
  to   space 38400K, 0% used [0x00000000fb500000,0x00000000fb500000,0x00000000fda80000)
 ParOldGen       total 683008K, used 284376K [0x00000000c1800000, 0x00000000eb300000, 0x00000000eb300000)
  object space 683008K, 41% used [0x00000000c1800000,0x00000000d2db61f8,0x00000000eb300000)
 Metaspace       used 75798K, capacity 81432K, committed 81624K, reserved 1120256K
  class space    used 10018K, capacity 11454K, committed 11480K, reserved 1048576K
Event: 33970,238 GC heap after
Heap after GC invocations=156 (full 3):
 PSYoungGen      total 302592K, used 35616K [0x00000000eb300000, 0x0000000100000000, 0x0000000100000000)
  eden space 264192K, 0% used [0x00000000eb300000,0x00000000eb300000,0x00000000fb500000)
  from space 38400K, 92% used [0x00000000fb500000,0x00000000fd7c8240,0x00000000fda80000)
  to   space 38400K, 0% used [0x00000000fda80000,0x00000000fda80000,0x0000000100000000)
 ParOldGen       total 683008K, used 286800K [0x00000000c1800000, 0x00000000eb300000, 0x00000000eb300000)
  object space 683008K, 41% used [0x00000000c1800000,0x00000000d30141f8,0x00000000eb300000)
 Metaspace       used 75798K, capacity 81432K, committed 81624K, reserved 1120256K
  class space    used 10018K, capacity 11454K, committed 11480K, reserved 1048576K
}

