# JRE version: OpenJDK Runtime Environment (8.0_252-b09) (build 1.8.0_252-8u252-b09-1ubuntu1-b09)
# Java VM: OpenJDK 64-Bit Server VM (25.252-b09 mixed mode linux-amd64 compressed oops)
Heap:
 par new generation   total 184320K, used 161591K [0x00000000da800000, 0x00000000e7000000, 0x00000000e7000000)
  eden space 163840K,  95% used [0x00000000da800000, 0x00000000e407e3c0, 0x00000000e4800000)
  from space 20480K,  26% used [0x00000000e4800000, 0x00000000e4d4fc38, 0x00000000e5c00000)
  to   space 20480K,   0% used [0x00000000e5c00000, 0x00000000e5c00000, 0x00000000e7000000)
 concurrent mark-sweep generation total 409600K, used 368423K [0x00000000e7000000, 0x0000000100000000, 0x0000000100000000)
 Metaspace       used 81928K, capacity 90134K, committed 90296K, reserved 1126400K
  class space    used 11234K, capacity 13294K, committed 13324K, reserved 1048576K
GC Heap History (10 events):
Event: 28883,180 GC heap before
{Heap before GC invocations=649 (full 9):
 par new generation   total 184320K, used 169283K [0x00000000da800000, 0x00000000e7000000, 0x00000000e7000000)
  eden space 163840K, 100% used [0x00000000da800000, 0x00000000e4800000, 0x00000000e4800000)
  from space 20480K,  26% used [0x00000000e5c00000, 0x00000000e6150c58, 0x00000000e7000000)
  to   space 20480K,   0% used [0x00000000e4800000, 0x00000000e4800000, 0x00000000e5c00000)
 concurrent mark-sweep generation total 409600K, used 365684K [0x00000000e7000000, 0x0000000100000000, 0x0000000100000000)
 Metaspace       used 81889K, capacity 90132K, committed 90296K, reserved 1126400K
  class space    used 11229K, capacity 13293K, committed 13324K, reserved 1048576K
Event: 28883,204 GC heap after
Heap after GC invocations=650 (full 9):
 par new generation   total 184320K, used 5460K [0x00000000da800000, 0x00000000e7000000, 0x00000000e7000000)
  eden space 163840K,   0% used [0x00000000da800000, 0x00000000da800000, 0x00000000e4800000)
  from space 20480K,  26% used [0x00000000e4800000, 0x00000000e4d550e8, 0x00000000e5c00000)
  to   space 20480K,   0% used [0x00000000e5c00000, 0x00000000e5c00000, 0x00000000e7000000)
 concurrent mark-sweep generation total 409600K, used 366232K [0x00000000e7000000, 0x0000000100000000, 0x0000000100000000)
 Metaspace       used 81889K, capacity 90132K, committed 90296K, reserved 1126400K
  class space    used 11229K, capacity 13293K, committed 13324K, reserved 1048576K
}
Event: 29008,527 GC heap before
{Heap before GC invocations=650 (full 9):
 par new generation   total 184320K, used 169300K [0x00000000da800000, 0x00000000e7000000, 0x00000000e7000000)
  eden space 163840K, 100% used [0x00000000da800000, 0x00000000e4800000, 0x00000000e4800000)
  from space 20480K,  26% used [0x00000000e4800000, 0x00000000e4d550e8, 0x00000000e5c00000)
  to   space 20480K,   0% used [0x00000000e5c00000, 0x00000000e5c00000, 0x00000000e7000000)
 concurrent mark-sweep generation total 409600K, used 366232K [0x00000000e7000000, 0x0000000100000000, 0x0000000100000000)
 Metaspace       used 81889K, capacity 90132K, committed 90296K, reserved 1126400K
  class space    used 11229K, capacity 13293K, committed 13324K, reserved 1048576K
Event: 29008,553 GC heap after
Heap after GC invocations=651 (full 9):
 par new generation   total 184320K, used 5453K [0x00000000da800000, 0x00000000e7000000, 0x00000000e7000000)
  eden space 163840K,   0% used [0x00000000da800000, 0x00000000da800000, 0x00000000e4800000)
  from space 20480K,  26% used [0x00000000e5c00000, 0x00000000e61537c8, 0x00000000e7000000)
  to   space 20480K,   0% used [0x00000000e4800000, 0x00000000e4800000, 0x00000000e5c00000)
 concurrent mark-sweep generation total 409600K, used 366778K [0x00000000e7000000, 0x0000000100000000, 0x0000000100000000)
 Metaspace       used 81889K, capacity 90132K, committed 90296K, reserved 1126400K
  class space    used 11229K, capacity 13293K, committed 13324K, reserved 1048576K
}
Event: 29130,801 GC heap before
{Heap before GC invocations=651 (full 9):
 par new generation   total 184320K, used 169293K [0x00000000da800000, 0x00000000e7000000, 0x00000000e7000000)
  eden space 163840K, 100% used [0x00000000da800000, 0x00000000e4800000, 0x00000000e4800000)
  from space 20480K,  26% used [0x00000000e5c00000, 0x00000000e61537c8, 0x00000000e7000000)
  to   space 20480K,   0% used [0x00000000e4800000, 0x00000000e4800000, 0x00000000e5c00000)
 concurrent mark-sweep generation total 409600K, used 366778K [0x00000000e7000000, 0x0000000100000000, 0x0000000100000000)
 Metaspace       used 81889K, capacity 90132K, committed 90296K, reserved 1126400K
  class space    used 11229K, capacity 13293K, committed 13324K, reserved 1048576K
Event: 29130,821 GC heap after
Heap after GC invocations=652 (full 9):
 par new generation   total 184320K, used 5798K [0x00000000da800000, 0x00000000e7000000, 0x00000000e7000000)
  eden space 163840K,   0% used [0x00000000da800000, 0x00000000da800000, 0x00000000e4800000)
  from space 20480K,  28% used [0x00000000e4800000, 0x00000000e4da99b8, 0x00000000e5c00000)
  to   space 20480K,   0% used [0x00000000e5c00000, 0x00000000e5c00000, 0x00000000e7000000)
 concurrent mark-sweep generation total 409600K, used 367327K [0x00000000e7000000, 0x0000000100000000, 0x0000000100000000)
 Metaspace       used 81889K, capacity 90132K, committed 90296K, reserved 1126400K
  class space    used 11229K, capacity 13293K, committed 13324K, reserved 1048576K
}
Event: 29255,430 GC heap before
{Heap before GC invocations=652 (full 9):
 par new generation   total 184320K, used 169638K [0x00000000da800000, 0x00000000e7000000, 0x00000000e7000000)
  eden space 163840K, 100% used [0x00000000da800000, 0x00000000e4800000, 0x00000000e4800000)
  from space 20480K,  28% used [0x00000000e4800000, 0x00000000e4da99b8, 0x00000000e5c00000)
  to   space 20480K,   0% used [0x00000000e5c00000, 0x00000000e5c00000, 0x00000000e7000000)
 concurrent mark-sweep generation total 409600K, used 367327K [0x00000000e7000000, 0x0000000100000000, 0x0000000100000000)
 Metaspace       used 81889K, capacity 90132K, committed 90296K, reserved 1126400K
  class space    used 11229K, capacity 13293K, committed 13324K, reserved 1048576K
Event: 29255,451 GC heap after
Heap after GC invocations=653 (full 9):
 par new generation   total 184320K, used 5438K [0x00000000da800000, 0x00000000e7000000, 0x00000000e7000000)
  eden space 163840K,   0% used [0x00000000da800000, 0x00000000da800000, 0x00000000e4800000)
  from space 20480K,  26% used [0x00000000e5c00000, 0x00000000e614f9f8, 0x00000000e7000000)
  to   space 20480K,   0% used [0x00000000e4800000, 0x00000000e4800000, 0x00000000e5c00000)
 concurrent mark-sweep generation total 409600K, used 367874K [0x00000000e7000000, 0x0000000100000000, 0x0000000100000000)
 Metaspace       used 81889K, capacity 90132K, committed 90296K, reserved 1126400K
  class space    used 11229K, capacity 13293K, committed 13324K, reserved 1048576K
}
Event: 29379,630 GC heap before
{Heap before GC invocations=653 (full 9):
 par new generation   total 184320K, used 169278K [0x00000000da800000, 0x00000000e7000000, 0x00000000e7000000)
  eden space 163840K, 100% used [0x00000000da800000, 0x00000000e4800000, 0x00000000e4800000)
  from space 20480K,  26% used [0x00000000e5c00000, 0x00000000e614f9f8, 0x00000000e7000000)
  to   space 20480K,   0% used [0x00000000e4800000, 0x00000000e4800000, 0x00000000e5c00000)
 concurrent mark-sweep generation total 409600K, used 367874K [0x00000000e7000000, 0x0000000100000000, 0x0000000100000000)
 Metaspace       used 81889K, capacity 90132K, committed 90296K, reserved 1126400K
  class space    used 11229K, capacity 13293K, committed 13324K, reserved 1048576K
Event: 29379,652 GC heap after
Heap after GC invocations=654 (full 9):
 par new generation   total 184320K, used 5439K [0x00000000da800000, 0x00000000e7000000, 0x00000000e7000000)
  eden space 163840K,   0% used [0x00000000da800000, 0x00000000da800000, 0x00000000e4800000)
  from space 20480K,  26% used [0x00000000e4800000, 0x00000000e4d4fc38, 0x00000000e5c00000)
  to   space 20480K,   0% used [0x00000000e5c00000, 0x00000000e5c00000, 0x00000000e7000000)
 concurrent mark-sweep generation total 409600K, used 368423K [0x00000000e7000000, 0x0000000100000000, 0x0000000100000000)
 Metaspace       used 81889K, capacity 90132K, committed 90296K, reserved 1126400K
  class space    used 11229K, capacity 13293K, committed 13324K, reserved 1048576K
}

