# JRE version: OpenJDK Runtime Environment (8.0_252-b09) (build 1.8.0_252-8u252-b09-1ubuntu1-b09)
# Java VM: OpenJDK 64-Bit Server VM (25.252-b09 mixed mode linux-amd64 compressed oops)
Heap:
 par new generation   total 184320K, used 76144K [0x00000000da800000, 0x00000000e7000000, 0x00000000e7000000)
  eden space 163840K,  46% used [0x00000000da800000, 0x00000000df222fd0, 0x00000000e4800000)
  from space 20480K,   1% used [0x00000000e5c00000, 0x00000000e5c392a0, 0x00000000e7000000)
  to   space 20480K,   0% used [0x00000000e4800000, 0x00000000e4800000, 0x00000000e5c00000)
 concurrent mark-sweep generation total 409600K, used 234711K [0x00000000e7000000, 0x0000000100000000, 0x0000000100000000)
 Metaspace       used 91516K, capacity 100678K, committed 101000K, reserved 1136640K
  class space    used 12516K, capacity 14746K, committed 14820K, reserved 1048576K
GC Heap History (10 events):
Event: 21688,740 GC heap before
{Heap before GC invocations=572 (full 10):
 par new generation   total 184320K, used 164057K [0x00000000da800000, 0x00000000e7000000, 0x00000000e7000000)
  eden space 163840K, 100% used [0x00000000da800000, 0x00000000e4800000, 0x00000000e4800000)
  from space 20480K,   1% used [0x00000000e4800000, 0x00000000e48366b8, 0x00000000e5c00000)
  to   space 20480K,   0% used [0x00000000e5c00000, 0x00000000e5c00000, 0x00000000e7000000)
 concurrent mark-sweep generation total 409600K, used 234661K [0x00000000e7000000, 0x0000000100000000, 0x0000000100000000)
 Metaspace       used 91483K, capacity 100614K, committed 100744K, reserved 1134592K
  class space    used 12513K, capacity 14746K, committed 14820K, reserved 1048576K
Event: 21688,743 GC heap after
Heap after GC invocations=573 (full 10):
 par new generation   total 184320K, used 559K [0x00000000da800000, 0x00000000e7000000, 0x00000000e7000000)
  eden space 163840K,   0% used [0x00000000da800000, 0x00000000da800000, 0x00000000e4800000)
  from space 20480K,   2% used [0x00000000e5c00000, 0x00000000e5c8be98, 0x00000000e7000000)
  to   space 20480K,   0% used [0x00000000e4800000, 0x00000000e4800000, 0x00000000e5c00000)
 concurrent mark-sweep generation total 409600K, used 234671K [0x00000000e7000000, 0x0000000100000000, 0x0000000100000000)
 Metaspace       used 91483K, capacity 100614K, committed 100744K, reserved 1134592K
  class space    used 12513K, capacity 14746K, committed 14820K, reserved 1048576K
}
Event: 21832,490 GC heap before
{Heap before GC invocations=573 (full 10):
 par new generation   total 184320K, used 164399K [0x00000000da800000, 0x00000000e7000000, 0x00000000e7000000)
  eden space 163840K, 100% used [0x00000000da800000, 0x00000000e4800000, 0x00000000e4800000)
  from space 20480K,   2% used [0x00000000e5c00000, 0x00000000e5c8be98, 0x00000000e7000000)
  to   space 20480K,   0% used [0x00000000e4800000, 0x00000000e4800000, 0x00000000e5c00000)
 concurrent mark-sweep generation total 409600K, used 234671K [0x00000000e7000000, 0x0000000100000000, 0x0000000100000000)
 Metaspace       used 91483K, capacity 100614K, committed 100744K, reserved 1134592K
  class space    used 12513K, capacity 14746K, committed 14820K, reserved 1048576K
Event: 21832,492 GC heap after
Heap after GC invocations=574 (full 10):
 par new generation   total 184320K, used 274K [0x00000000da800000, 0x00000000e7000000, 0x00000000e7000000)
  eden space 163840K,   0% used [0x00000000da800000, 0x00000000da800000, 0x00000000e4800000)
  from space 20480K,   1% used [0x00000000e4800000, 0x00000000e4844a10, 0x00000000e5c00000)
  to   space 20480K,   0% used [0x00000000e5c00000, 0x00000000e5c00000, 0x00000000e7000000)
 concurrent mark-sweep generation total 409600K, used 234681K [0x00000000e7000000, 0x0000000100000000, 0x0000000100000000)
 Metaspace       used 91483K, capacity 100614K, committed 100744K, reserved 1134592K
  class space    used 12513K, capacity 14746K, committed 14820K, reserved 1048576K
}
Event: 21975,640 GC heap before
{Heap before GC invocations=574 (full 10):
 par new generation   total 184320K, used 164114K [0x00000000da800000, 0x00000000e7000000, 0x00000000e7000000)
  eden space 163840K, 100% used [0x00000000da800000, 0x00000000e4800000, 0x00000000e4800000)
  from space 20480K,   1% used [0x00000000e4800000, 0x00000000e4844a10, 0x00000000e5c00000)
  to   space 20480K,   0% used [0x00000000e5c00000, 0x00000000e5c00000, 0x00000000e7000000)
 concurrent mark-sweep generation total 409600K, used 234681K [0x00000000e7000000, 0x0000000100000000, 0x0000000100000000)
 Metaspace       used 91484K, capacity 100614K, committed 100744K, reserved 1134592K
  class space    used 12513K, capacity 14746K, committed 14820K, reserved 1048576K
Event: 21975,642 GC heap after
Heap after GC invocations=575 (full 10):
 par new generation   total 184320K, used 288K [0x00000000da800000, 0x00000000e7000000, 0x00000000e7000000)
  eden space 163840K,   0% used [0x00000000da800000, 0x00000000da800000, 0x00000000e4800000)
  from space 20480K,   1% used [0x00000000e5c00000, 0x00000000e5c48188, 0x00000000e7000000)
  to   space 20480K,   0% used [0x00000000e4800000, 0x00000000e4800000, 0x00000000e5c00000)
 concurrent mark-sweep generation total 409600K, used 234691K [0x00000000e7000000, 0x0000000100000000, 0x0000000100000000)
 Metaspace       used 91484K, capacity 100614K, committed 100744K, reserved 1134592K
  class space    used 12513K, capacity 14746K, committed 14820K, reserved 1048576K
}
Event: 22119,640 GC heap before
{Heap before GC invocations=575 (full 10):
 par new generation   total 184320K, used 164128K [0x00000000da800000, 0x00000000e7000000, 0x00000000e7000000)
  eden space 163840K, 100% used [0x00000000da800000, 0x00000000e4800000, 0x00000000e4800000)
  from space 20480K,   1% used [0x00000000e5c00000, 0x00000000e5c48188, 0x00000000e7000000)
  to   space 20480K,   0% used [0x00000000e4800000, 0x00000000e4800000, 0x00000000e5c00000)
 concurrent mark-sweep generation total 409600K, used 234691K [0x00000000e7000000, 0x0000000100000000, 0x0000000100000000)
 Metaspace       used 91484K, capacity 100614K, committed 100744K, reserved 1134592K
  class space    used 12513K, capacity 14746K, committed 14820K, reserved 1048576K
Event: 22119,646 GC heap after
Heap after GC invocations=576 (full 10):
 par new generation   total 184320K, used 274K [0x00000000da800000, 0x00000000e7000000, 0x00000000e7000000)
  eden space 163840K,   0% used [0x00000000da800000, 0x00000000da800000, 0x00000000e4800000)
  from space 20480K,   1% used [0x00000000e4800000, 0x00000000e4844a68, 0x00000000e5c00000)
  to   space 20480K,   0% used [0x00000000e5c00000, 0x00000000e5c00000, 0x00000000e7000000)
 concurrent mark-sweep generation total 409600K, used 234701K [0x00000000e7000000, 0x0000000100000000, 0x0000000100000000)
 Metaspace       used 91484K, capacity 100614K, committed 100744K, reserved 1134592K
  class space    used 12513K, capacity 14746K, committed 14820K, reserved 1048576K
}
Event: 22264,040 GC heap before
{Heap before GC invocations=576 (full 10):
 par new generation   total 184320K, used 164114K [0x00000000da800000, 0x00000000e7000000, 0x00000000e7000000)
  eden space 163840K, 100% used [0x00000000da800000, 0x00000000e4800000, 0x00000000e4800000)
  from space 20480K,   1% used [0x00000000e4800000, 0x00000000e4844a68, 0x00000000e5c00000)
  to   space 20480K,   0% used [0x00000000e5c00000, 0x00000000e5c00000, 0x00000000e7000000)
 concurrent mark-sweep generation total 409600K, used 234701K [0x00000000e7000000, 0x0000000100000000, 0x0000000100000000)
 Metaspace       used 91484K, capacity 100614K, committed 100744K, reserved 1134592K
  class space    used 12513K, capacity 14746K, committed 14820K, reserved 1048576K
Event: 22264,043 GC heap after
Heap after GC invocations=577 (full 10):
 par new generation   total 184320K, used 228K [0x00000000da800000, 0x00000000e7000000, 0x00000000e7000000)
  eden space 163840K,   0% used [0x00000000da800000, 0x00000000da800000, 0x00000000e4800000)
  from space 20480K,   1% used [0x00000000e5c00000, 0x00000000e5c392a0, 0x00000000e7000000)
  to   space 20480K,   0% used [0x00000000e4800000, 0x00000000e4800000, 0x00000000e5c00000)
 concurrent mark-sweep generation total 409600K, used 234711K [0x00000000e7000000, 0x0000000100000000, 0x0000000100000000)
 Metaspace       used 91484K, capacity 100614K, committed 100744K, reserved 1134592K
  class space    used 12513K, capacity 14746K, committed 14820K, reserved 1048576K
}

