# JRE version: OpenJDK Runtime Environment (8.0_252-b09) (build 1.8.0_252-8u252-b09-1ubuntu1-b09)
# Java VM: OpenJDK 64-Bit Server VM (25.252-b09 mixed mode linux-amd64 compressed oops)
Heap:
 par new generation   total 184320K, used 126419K [0x00000000da800000, 0x00000000e7000000, 0x00000000e7000000)
  eden space 163840K,  76% used [0x00000000da800000, 0x00000000e219e9f8, 0x00000000e4800000)
  from space 20480K,   9% used [0x00000000e5c00000, 0x00000000e5dd6298, 0x00000000e7000000)
  to   space 20480K,   0% used [0x00000000e4800000, 0x00000000e4800000, 0x00000000e5c00000)
 concurrent mark-sweep generation total 409600K, used 240392K [0x00000000e7000000, 0x0000000100000000, 0x0000000100000000)
 Metaspace       used 90130K, capacity 99321K, committed 99488K, reserved 1134592K
  class space    used 12030K, capacity 14253K, committed 14280K, reserved 1048576K
GC Heap History (10 events):
Event: 526,129 GC heap before
{Heap before GC invocations=450 (full 9):
 par new generation   total 184320K, used 165463K [0x00000000da800000, 0x00000000e7000000, 0x00000000e7000000)
  eden space 163840K, 100% used [0x00000000da800000, 0x00000000e4800000, 0x00000000e4800000)
  from space 20480K,   7% used [0x00000000e4800000, 0x00000000e4995d38, 0x00000000e5c00000)
  to   space 20480K,   0% used [0x00000000e5c00000, 0x00000000e5c00000, 0x00000000e7000000)
 concurrent mark-sweep generation total 409600K, used 239729K [0x00000000e7000000, 0x0000000100000000, 0x0000000100000000)
 Metaspace       used 89973K, capacity 99231K, committed 99488K, reserved 1134592K
  class space    used 12024K, capacity 14248K, committed 14280K, reserved 1048576K
Event: 526,137 GC heap after
Heap after GC invocations=451 (full 9):
 par new generation   total 184320K, used 1634K [0x00000000da800000, 0x00000000e7000000, 0x00000000e7000000)
  eden space 163840K,   0% used [0x00000000da800000, 0x00000000da800000, 0x00000000e4800000)
  from space 20480K,   7% used [0x00000000e5c00000, 0x00000000e5d98930, 0x00000000e7000000)
  to   space 20480K,   0% used [0x00000000e4800000, 0x00000000e4800000, 0x00000000e5c00000)
 concurrent mark-sweep generation total 409600K, used 239909K [0x00000000e7000000, 0x0000000100000000, 0x0000000100000000)
 Metaspace       used 89973K, capacity 99231K, committed 99488K, reserved 1134592K
  class space    used 12024K, capacity 14248K, committed 14280K, reserved 1048576K
}
Event: 547,429 GC heap before
{Heap before GC invocations=451 (full 9):
 par new generation   total 184320K, used 165474K [0x00000000da800000, 0x00000000e7000000, 0x00000000e7000000)
  eden space 163840K, 100% used [0x00000000da800000, 0x00000000e4800000, 0x00000000e4800000)
  from space 20480K,   7% used [0x00000000e5c00000, 0x00000000e5d98930, 0x00000000e7000000)
  to   space 20480K,   0% used [0x00000000e4800000, 0x00000000e4800000, 0x00000000e5c00000)
 concurrent mark-sweep generation total 409600K, used 239909K [0x00000000e7000000, 0x0000000100000000, 0x0000000100000000)
 Metaspace       used 89984K, capacity 99231K, committed 99488K, reserved 1134592K
  class space    used 12024K, capacity 14248K, committed 14280K, reserved 1048576K
Event: 547,436 GC heap after
Heap after GC invocations=452 (full 9):
 par new generation   total 184320K, used 1454K [0x00000000da800000, 0x00000000e7000000, 0x00000000e7000000)
  eden space 163840K,   0% used [0x00000000da800000, 0x00000000da800000, 0x00000000e4800000)
  from space 20480K,   7% used [0x00000000e4800000, 0x00000000e496bba0, 0x00000000e5c00000)
  to   space 20480K,   0% used [0x00000000e5c00000, 0x00000000e5c00000, 0x00000000e7000000)
 concurrent mark-sweep generation total 409600K, used 240119K [0x00000000e7000000, 0x0000000100000000, 0x0000000100000000)
 Metaspace       used 89984K, capacity 99231K, committed 99488K, reserved 1134592K
  class space    used 12024K, capacity 14248K, committed 14280K, reserved 1048576K
}
Event: 567,479 GC heap before
{Heap before GC invocations=452 (full 9):
 par new generation   total 184320K, used 165294K [0x00000000da800000, 0x00000000e7000000, 0x00000000e7000000)
  eden space 163840K, 100% used [0x00000000da800000, 0x00000000e4800000, 0x00000000e4800000)
  from space 20480K,   7% used [0x00000000e4800000, 0x00000000e496bba0, 0x00000000e5c00000)
  to   space 20480K,   0% used [0x00000000e5c00000, 0x00000000e5c00000, 0x00000000e7000000)
 concurrent mark-sweep generation total 409600K, used 240119K [0x00000000e7000000, 0x0000000100000000, 0x0000000100000000)
 Metaspace       used 89990K, capacity 99237K, committed 99488K, reserved 1134592K
  class space    used 12025K, capacity 14249K, committed 14280K, reserved 1048576K
Event: 567,485 GC heap after
Heap after GC invocations=453 (full 9):
 par new generation   total 184320K, used 1484K [0x00000000da800000, 0x00000000e7000000, 0x00000000e7000000)
  eden space 163840K,   0% used [0x00000000da800000, 0x00000000da800000, 0x00000000e4800000)
  from space 20480K,   7% used [0x00000000e5c00000, 0x00000000e5d73298, 0x00000000e7000000)
  to   space 20480K,   0% used [0x00000000e4800000, 0x00000000e4800000, 0x00000000e5c00000)
 concurrent mark-sweep generation total 409600K, used 240209K [0x00000000e7000000, 0x0000000100000000, 0x0000000100000000)
 Metaspace       used 89990K, capacity 99237K, committed 99488K, reserved 1134592K
  class space    used 12025K, capacity 14249K, committed 14280K, reserved 1048576K
}
Event: 586,229 GC heap before
{Heap before GC invocations=453 (full 9):
 par new generation   total 184320K, used 165324K [0x00000000da800000, 0x00000000e7000000, 0x00000000e7000000)
  eden space 163840K, 100% used [0x00000000da800000, 0x00000000e4800000, 0x00000000e4800000)
  from space 20480K,   7% used [0x00000000e5c00000, 0x00000000e5d73298, 0x00000000e7000000)
  to   space 20480K,   0% used [0x00000000e4800000, 0x00000000e4800000, 0x00000000e5c00000)
 concurrent mark-sweep generation total 409600K, used 240209K [0x00000000e7000000, 0x0000000100000000, 0x0000000100000000)
 Metaspace       used 89994K, capacity 99237K, committed 99488K, reserved 1134592K
  class space    used 12026K, capacity 14249K, committed 14280K, reserved 1048576K
Event: 586,235 GC heap after
Heap after GC invocations=454 (full 9):
 par new generation   total 184320K, used 1298K [0x00000000da800000, 0x00000000e7000000, 0x00000000e7000000)
  eden space 163840K,   0% used [0x00000000da800000, 0x00000000da800000, 0x00000000e4800000)
  from space 20480K,   6% used [0x00000000e4800000, 0x00000000e49449b8, 0x00000000e5c00000)
  to   space 20480K,   0% used [0x00000000e5c00000, 0x00000000e5c00000, 0x00000000e7000000)
 concurrent mark-sweep generation total 409600K, used 240294K [0x00000000e7000000, 0x0000000100000000, 0x0000000100000000)
 Metaspace       used 89994K, capacity 99237K, committed 99488K, reserved 1134592K
  class space    used 12026K, capacity 14249K, committed 14280K, reserved 1048576K
}
Event: 604,929 GC heap before
{Heap before GC invocations=454 (full 9):
 par new generation   total 184320K, used 165138K [0x00000000da800000, 0x00000000e7000000, 0x00000000e7000000)
  eden space 163840K, 100% used [0x00000000da800000, 0x00000000e4800000, 0x00000000e4800000)
  from space 20480K,   6% used [0x00000000e4800000, 0x00000000e49449b8, 0x00000000e5c00000)
  to   space 20480K,   0% used [0x00000000e5c00000, 0x00000000e5c00000, 0x00000000e7000000)
 concurrent mark-sweep generation total 409600K, used 240294K [0x00000000e7000000, 0x0000000100000000, 0x0000000100000000)
 Metaspace       used 90074K, capacity 99237K, committed 99488K, reserved 1134592K
  class space    used 12026K, capacity 14249K, committed 14280K, reserved 1048576K
Event: 604,941 GC heap after
Heap after GC invocations=455 (full 9):
 par new generation   total 184320K, used 1880K [0x00000000da800000, 0x00000000e7000000, 0x00000000e7000000)
  eden space 163840K,   0% used [0x00000000da800000, 0x00000000da800000, 0x00000000e4800000)
  from space 20480K,   9% used [0x00000000e5c00000, 0x00000000e5dd6298, 0x00000000e7000000)
  to   space 20480K,   0% used [0x00000000e4800000, 0x00000000e4800000, 0x00000000e5c00000)
 concurrent mark-sweep generation total 409600K, used 240392K [0x00000000e7000000, 0x0000000100000000, 0x0000000100000000)
 Metaspace       used 90074K, capacity 99237K, committed 99488K, reserved 1134592K
  class space    used 12026K, capacity 14249K, committed 14280K, reserved 1048576K
}

