# JRE version: OpenJDK Runtime Environment (8.0_252-b09) (build 1.8.0_252-8u252-b09-1ubuntu1-b09)
# Java VM: OpenJDK 64-Bit Server VM (25.252-b09 mixed mode linux-amd64 compressed oops)
Heap:
 par new generation   total 184320K, used 62731K [0x00000000da800000, 0x00000000e7000000, 0x00000000e7000000)
  eden space 163840K,  34% used [0x00000000da800000, 0x00000000ddf00100, 0x00000000e4800000)
  from space 20480K,  31% used [0x00000000e5c00000, 0x00000000e6242c28, 0x00000000e7000000)
  to   space 20480K,   0% used [0x00000000e4800000, 0x00000000e4800000, 0x00000000e5c00000)
 concurrent mark-sweep generation total 409600K, used 391844K [0x00000000e7000000, 0x0000000100000000, 0x0000000100000000)
 Metaspace       used 89407K, capacity 98082K, committed 98184K, reserved 1132544K
  class space    used 12313K, capacity 14478K, committed 14560K, reserved 1048576K
GC Heap History (10 events):
Event: 77389,673 GC heap before
{Heap before GC invocations=908 (full 9):
 par new generation   total 184320K, used 170242K [0x00000000da800000, 0x00000000e7000000, 0x00000000e7000000)
  eden space 163840K, 100% used [0x00000000da800000, 0x00000000e4800000, 0x00000000e4800000)
  from space 20480K,  31% used [0x00000000e4800000, 0x00000000e4e40800, 0x00000000e5c00000)
  to   space 20480K,   0% used [0x00000000e5c00000, 0x00000000e5c00000, 0x00000000e7000000)
 concurrent mark-sweep generation total 409600K, used 388549K [0x00000000e7000000, 0x0000000100000000, 0x0000000100000000)
 Metaspace       used 88136K, capacity 96658K, committed 97032K, reserved 1132544K
  class space    used 12174K, capacity 14345K, committed 14432K, reserved 1048576K
Event: 77389,694 GC heap after
Heap after GC invocations=909 (full 9):
 par new generation   total 184320K, used 6276K [0x00000000da800000, 0x00000000e7000000, 0x00000000e7000000)
  eden space 163840K,   0% used [0x00000000da800000, 0x00000000da800000, 0x00000000e4800000)
  from space 20480K,  30% used [0x00000000e5c00000, 0x00000000e62211c8, 0x00000000e7000000)
  to   space 20480K,   0% used [0x00000000e4800000, 0x00000000e4800000, 0x00000000e5c00000)
 concurrent mark-sweep generation total 409600K, used 389206K [0x00000000e7000000, 0x0000000100000000, 0x0000000100000000)
 Metaspace       used 88136K, capacity 96658K, committed 97032K, reserved 1132544K
  class space    used 12174K, capacity 14345K, committed 14432K, reserved 1048576K
}
Event: 77540,513 GC heap before
{Heap before GC invocations=909 (full 9):
 par new generation   total 184320K, used 170116K [0x00000000da800000, 0x00000000e7000000, 0x00000000e7000000)
  eden space 163840K, 100% used [0x00000000da800000, 0x00000000e4800000, 0x00000000e4800000)
  from space 20480K,  30% used [0x00000000e5c00000, 0x00000000e62211c8, 0x00000000e7000000)
  to   space 20480K,   0% used [0x00000000e4800000, 0x00000000e4800000, 0x00000000e5c00000)
 concurrent mark-sweep generation total 409600K, used 389206K [0x00000000e7000000, 0x0000000100000000, 0x0000000100000000)
 Metaspace       used 88136K, capacity 96658K, committed 97032K, reserved 1132544K
  class space    used 12174K, capacity 14345K, committed 14432K, reserved 1048576K
Event: 77540,537 GC heap after
Heap after GC invocations=910 (full 9):
 par new generation   total 184320K, used 6010K [0x00000000da800000, 0x00000000e7000000, 0x00000000e7000000)
  eden space 163840K,   0% used [0x00000000da800000, 0x00000000da800000, 0x00000000e4800000)
  from space 20480K,  29% used [0x00000000e4800000, 0x00000000e4ddead0, 0x00000000e5c00000)
  to   space 20480K,   0% used [0x00000000e5c00000, 0x00000000e5c00000, 0x00000000e7000000)
 concurrent mark-sweep generation total 409600K, used 389866K [0x00000000e7000000, 0x0000000100000000, 0x0000000100000000)
 Metaspace       used 88136K, capacity 96658K, committed 97032K, reserved 1132544K
  class space    used 12174K, capacity 14345K, committed 14432K, reserved 1048576K
}
Event: 77688,063 GC heap before
{Heap before GC invocations=910 (full 9):
 par new generation   total 184320K, used 169850K [0x00000000da800000, 0x00000000e7000000, 0x00000000e7000000)
  eden space 163840K, 100% used [0x00000000da800000, 0x00000000e4800000, 0x00000000e4800000)
  from space 20480K,  29% used [0x00000000e4800000, 0x00000000e4ddead0, 0x00000000e5c00000)
  to   space 20480K,   0% used [0x00000000e5c00000, 0x00000000e5c00000, 0x00000000e7000000)
 concurrent mark-sweep generation total 409600K, used 389866K [0x00000000e7000000, 0x0000000100000000, 0x0000000100000000)
 Metaspace       used 88136K, capacity 96658K, committed 97032K, reserved 1132544K
  class space    used 12174K, capacity 14345K, committed 14432K, reserved 1048576K
Event: 77688,091 GC heap after
Heap after GC invocations=911 (full 9):
 par new generation   total 184320K, used 6470K [0x00000000da800000, 0x00000000e7000000, 0x00000000e7000000)
  eden space 163840K,   0% used [0x00000000da800000, 0x00000000da800000, 0x00000000e4800000)
  from space 20480K,  31% used [0x00000000e5c00000, 0x00000000e62519a0, 0x00000000e7000000)
  to   space 20480K,   0% used [0x00000000e4800000, 0x00000000e4800000, 0x00000000e5c00000)
 concurrent mark-sweep generation total 409600K, used 390522K [0x00000000e7000000, 0x0000000100000000, 0x0000000100000000)
 Metaspace       used 88136K, capacity 96658K, committed 97032K, reserved 1132544K
  class space    used 12174K, capacity 14345K, committed 14432K, reserved 1048576K
}
Event: 77838,095 GC heap before
{Heap before GC invocations=911 (full 9):
 par new generation   total 184320K, used 170310K [0x00000000da800000, 0x00000000e7000000, 0x00000000e7000000)
  eden space 163840K, 100% used [0x00000000da800000, 0x00000000e4800000, 0x00000000e4800000)
  from space 20480K,  31% used [0x00000000e5c00000, 0x00000000e62519a0, 0x00000000e7000000)
  to   space 20480K,   0% used [0x00000000e4800000, 0x00000000e4800000, 0x00000000e5c00000)
 concurrent mark-sweep generation total 409600K, used 390522K [0x00000000e7000000, 0x0000000100000000, 0x0000000100000000)
 Metaspace       used 88136K, capacity 96658K, committed 97032K, reserved 1132544K
  class space    used 12174K, capacity 14345K, committed 14432K, reserved 1048576K
Event: 77838,118 GC heap after
Heap after GC invocations=912 (full 9):
 par new generation   total 184320K, used 5820K [0x00000000da800000, 0x00000000e7000000, 0x00000000e7000000)
  eden space 163840K,   0% used [0x00000000da800000, 0x00000000da800000, 0x00000000e4800000)
  from space 20480K,  28% used [0x00000000e4800000, 0x00000000e4daf280, 0x00000000e5c00000)
  to   space 20480K,   0% used [0x00000000e5c00000, 0x00000000e5c00000, 0x00000000e7000000)
 concurrent mark-sweep generation total 409600K, used 391185K [0x00000000e7000000, 0x0000000100000000, 0x0000000100000000)
 Metaspace       used 88136K, capacity 96658K, committed 97032K, reserved 1132544K
  class space    used 12174K, capacity 14345K, committed 14432K, reserved 1048576K
}
Event: 77987,963 GC heap before
{Heap before GC invocations=912 (full 9):
 par new generation   total 184320K, used 169660K [0x00000000da800000, 0x00000000e7000000, 0x00000000e7000000)
  eden space 163840K, 100% used [0x00000000da800000, 0x00000000e4800000, 0x00000000e4800000)
  from space 20480K,  28% used [0x00000000e4800000, 0x00000000e4daf280, 0x00000000e5c00000)
  to   space 20480K,   0% used [0x00000000e5c00000, 0x00000000e5c00000, 0x00000000e7000000)
 concurrent mark-sweep generation total 409600K, used 391185K [0x00000000e7000000, 0x0000000100000000, 0x0000000100000000)
 Metaspace       used 88136K, capacity 96658K, committed 97032K, reserved 1132544K
  class space    used 12174K, capacity 14345K, committed 14432K, reserved 1048576K
Event: 77987,991 GC heap after
Heap after GC invocations=913 (full 9):
 par new generation   total 184320K, used 6411K [0x00000000da800000, 0x00000000e7000000, 0x00000000e7000000)
  eden space 163840K,   0% used [0x00000000da800000, 0x00000000da800000, 0x00000000e4800000)
  from space 20480K,  31% used [0x00000000e5c00000, 0x00000000e6242c28, 0x00000000e7000000)
  to   space 20480K,   0% used [0x00000000e4800000, 0x00000000e4800000, 0x00000000e5c00000)
 concurrent mark-sweep generation total 409600K, used 391844K [0x00000000e7000000, 0x0000000100000000, 0x0000000100000000)
 Metaspace       used 88136K, capacity 96658K, committed 97032K, reserved 1132544K
  class space    used 12174K, capacity 14345K, committed 14432K, reserved 1048576K
}

