# JRE version: OpenJDK Runtime Environment (8.0_252-b09) (build 1.8.0_252-8u252-b09-1ubuntu1-b09)
# Java VM: OpenJDK 64-Bit Server VM (25.252-b09 mixed mode linux-amd64 compressed oops)
Heap:
 PSYoungGen      total 304128K, used 163705K [0x00000000eb300000, 0x0000000100000000, 0x0000000100000000)
  eden space 267264K, 47% used [0x00000000eb300000,0x00000000f301e528,0x00000000fb800000)
  from space 36864K, 96% used [0x00000000fdc00000,0x00000000ffec0240,0x0000000100000000)
  to   space 36864K, 0% used [0x00000000fb800000,0x00000000fb800000,0x00000000fdc00000)
 ParOldGen       total 683008K, used 358614K [0x00000000c1800000, 0x00000000eb300000, 0x00000000eb300000)
  object space 683008K, 52% used [0x00000000c1800000,0x00000000d7635ac0,0x00000000eb300000)
 Metaspace       used 84834K, capacity 92328K, committed 92504K, reserved 1128448K
  class space    used 11313K, capacity 13070K, committed 13144K, reserved 1048576K
GC Heap History (10 events):
Event: 42527,443 GC heap before
{Heap before GC invocations=185 (full 3):
 PSYoungGen      total 304128K, used 302832K [0x00000000eb300000, 0x0000000100000000, 0x0000000100000000)
  eden space 267264K, 100% used [0x00000000eb300000,0x00000000fb800000,0x00000000fb800000)
  from space 36864K, 96% used [0x00000000fb800000,0x00000000fdabc230,0x00000000fdc00000)
  to   space 36864K, 0% used [0x00000000fdc00000,0x00000000fdc00000,0x0000000100000000)
 ParOldGen       total 683008K, used 346654K [0x00000000c1800000, 0x00000000eb300000, 0x00000000eb300000)
  object space 683008K, 50% used [0x00000000c1800000,0x00000000d6a87ac0,0x00000000eb300000)
 Metaspace       used 83595K, capacity 91026K, committed 91352K, reserved 1128448K
  class space    used 11189K, capacity 12910K, committed 13016K, reserved 1048576K
Event: 42527,618 GC heap after
Heap after GC invocations=185 (full 3):
 PSYoungGen      total 304128K, used 35616K [0x00000000eb300000, 0x0000000100000000, 0x0000000100000000)
  eden space 267264K, 0% used [0x00000000eb300000,0x00000000eb300000,0x00000000fb800000)
  from space 36864K, 96% used [0x00000000fdc00000,0x00000000ffec8000,0x0000000100000000)
  to   space 36864K, 0% used [0x00000000fb800000,0x00000000fb800000,0x00000000fdc00000)
 ParOldGen       total 683008K, used 349070K [0x00000000c1800000, 0x00000000eb300000, 0x00000000eb300000)
  object space 683008K, 51% used [0x00000000c1800000,0x00000000d6ce3ac0,0x00000000eb300000)
 Metaspace       used 83595K, capacity 91026K, committed 91352K, reserved 1128448K
  class space    used 11189K, capacity 12910K, committed 13016K, reserved 1048576K
}
Event: 43054,642 GC heap before
{Heap before GC invocations=186 (full 3):
 PSYoungGen      total 304128K, used 302880K [0x00000000eb300000, 0x0000000100000000, 0x0000000100000000)
  eden space 267264K, 100% used [0x00000000eb300000,0x00000000fb800000,0x00000000fb800000)
  from space 36864K, 96% used [0x00000000fdc00000,0x00000000ffec8000,0x0000000100000000)
  to   space 36864K, 0% used [0x00000000fb800000,0x00000000fb800000,0x00000000fdc00000)
 ParOldGen       total 683008K, used 349070K [0x00000000c1800000, 0x00000000eb300000, 0x00000000eb300000)
  object space 683008K, 51% used [0x00000000c1800000,0x00000000d6ce3ac0,0x00000000eb300000)
 Metaspace       used 83597K, capacity 91026K, committed 91352K, reserved 1128448K
  class space    used 11189K, capacity 12910K, committed 13016K, reserved 1048576K
Event: 43054,810 GC heap after
Heap after GC invocations=186 (full 3):
 PSYoungGen      total 304128K, used 35616K [0x00000000eb300000, 0x0000000100000000, 0x0000000100000000)
  eden space 267264K, 0% used [0x00000000eb300000,0x00000000eb300000,0x00000000fb800000)
  from space 36864K, 96% used [0x00000000fb800000,0x00000000fdac8000,0x00000000fdc00000)
  to   space 36864K, 0% used [0x00000000fdc00000,0x00000000fdc00000,0x0000000100000000)
 ParOldGen       total 683008K, used 351406K [0x00000000c1800000, 0x00000000eb300000, 0x00000000eb300000)
  object space 683008K, 51% used [0x00000000c1800000,0x00000000d6f2bac0,0x00000000eb300000)
 Metaspace       used 83597K, capacity 91026K, committed 91352K, reserved 1128448K
  class space    used 11189K, capacity 12910K, committed 13016K, reserved 1048576K
}
Event: 43572,742 GC heap before
{Heap before GC invocations=187 (full 3):
 PSYoungGen      total 304128K, used 302880K [0x00000000eb300000, 0x0000000100000000, 0x0000000100000000)
  eden space 267264K, 100% used [0x00000000eb300000,0x00000000fb800000,0x00000000fb800000)
  from space 36864K, 96% used [0x00000000fb800000,0x00000000fdac8000,0x00000000fdc00000)
  to   space 36864K, 0% used [0x00000000fdc00000,0x00000000fdc00000,0x0000000100000000)
 ParOldGen       total 683008K, used 351406K [0x00000000c1800000, 0x00000000eb300000, 0x00000000eb300000)
  object space 683008K, 51% used [0x00000000c1800000,0x00000000d6f2bac0,0x00000000eb300000)
 Metaspace       used 83599K, capacity 91090K, committed 91352K, reserved 1128448K
  class space    used 11189K, capacity 12910K, committed 13016K, reserved 1048576K
Event: 43572,940 GC heap after
Heap after GC invocations=187 (full 3):
 PSYoungGen      total 304128K, used 35746K [0x00000000eb300000, 0x0000000100000000, 0x0000000100000000)
  eden space 267264K, 0% used [0x00000000eb300000,0x00000000eb300000,0x00000000fb800000)
  from space 36864K, 96% used [0x00000000fdc00000,0x00000000ffee8b20,0x0000000100000000)
  to   space 36864K, 0% used [0x00000000fb800000,0x00000000fb800000,0x00000000fdc00000)
 ParOldGen       total 683008K, used 353814K [0x00000000c1800000, 0x00000000eb300000, 0x00000000eb300000)
  object space 683008K, 51% used [0x00000000c1800000,0x00000000d7185ac0,0x00000000eb300000)
 Metaspace       used 83599K, capacity 91090K, committed 91352K, reserved 1128448K
  class space    used 11189K, capacity 12910K, committed 13016K, reserved 1048576K
}
Event: 44101,242 GC heap before
{Heap before GC invocations=188 (full 3):
 PSYoungGen      total 304128K, used 303010K [0x00000000eb300000, 0x0000000100000000, 0x0000000100000000)
  eden space 267264K, 100% used [0x00000000eb300000,0x00000000fb800000,0x00000000fb800000)
  from space 36864K, 96% used [0x00000000fdc00000,0x00000000ffee8b20,0x0000000100000000)
  to   space 36864K, 0% used [0x00000000fb800000,0x00000000fb800000,0x00000000fdc00000)
 ParOldGen       total 683008K, used 353814K [0x00000000c1800000, 0x00000000eb300000, 0x00000000eb300000)
  object space 683008K, 51% used [0x00000000c1800000,0x00000000d7185ac0,0x00000000eb300000)
 Metaspace       used 83601K, capacity 91090K, committed 91352K, reserved 1128448K
  class space    used 11189K, capacity 12910K, committed 13016K, reserved 1048576K
Event: 44101,365 GC heap after
Heap after GC invocations=188 (full 3):
 PSYoungGen      total 304128K, used 35584K [0x00000000eb300000, 0x0000000100000000, 0x0000000100000000)
  eden space 267264K, 0% used [0x00000000eb300000,0x00000000eb300000,0x00000000fb800000)
  from space 36864K, 96% used [0x00000000fb800000,0x00000000fdac0240,0x00000000fdc00000)
  to   space 36864K, 0% used [0x00000000fdc00000,0x00000000fdc00000,0x0000000100000000)
 ParOldGen       total 683008K, used 356214K [0x00000000c1800000, 0x00000000eb300000, 0x00000000eb300000)
  object space 683008K, 52% used [0x00000000c1800000,0x00000000d73ddac0,0x00000000eb300000)
 Metaspace       used 83601K, capacity 91090K, committed 91352K, reserved 1128448K
  class space    used 11189K, capacity 12910K, committed 13016K, reserved 1048576K
}
Event: 44628,792 GC heap before
{Heap before GC invocations=189 (full 3):
 PSYoungGen      total 304128K, used 302848K [0x00000000eb300000, 0x0000000100000000, 0x0000000100000000)
  eden space 267264K, 100% used [0x00000000eb300000,0x00000000fb800000,0x00000000fb800000)
  from space 36864K, 96% used [0x00000000fb800000,0x00000000fdac0240,0x00000000fdc00000)
  to   space 36864K, 0% used [0x00000000fdc00000,0x00000000fdc00000,0x0000000100000000)
 ParOldGen       total 683008K, used 356214K [0x00000000c1800000, 0x00000000eb300000, 0x00000000eb300000)
  object space 683008K, 52% used [0x00000000c1800000,0x00000000d73ddac0,0x00000000eb300000)
 Metaspace       used 83604K, capacity 91090K, committed 91352K, reserved 1128448K
  class space    used 11189K, capacity 12910K, committed 13016K, reserved 1048576K
Event: 44628,966 GC heap after
Heap after GC invocations=189 (full 3):
 PSYoungGen      total 304128K, used 35584K [0x00000000eb300000, 0x0000000100000000, 0x0000000100000000)
  eden space 267264K, 0% used [0x00000000eb300000,0x00000000eb300000,0x00000000fb800000)
  from space 36864K, 96% used [0x00000000fdc00000,0x00000000ffec0240,0x0000000100000000)
  to   space 36864K, 0% used [0x00000000fb800000,0x00000000fb800000,0x00000000fdc00000)
 ParOldGen       total 683008K, used 358614K [0x00000000c1800000, 0x00000000eb300000, 0x00000000eb300000)
  object space 683008K, 52% used [0x00000000c1800000,0x00000000d7635ac0,0x00000000eb300000)
 Metaspace       used 83604K, capacity 91090K, committed 91352K, reserved 1128448K
  class space    used 11189K, capacity 12910K, committed 13016K, reserved 1048576K
}

