# JRE version: OpenJDK Runtime Environment (8.0_252-b09) (build 1.8.0_252-8u252-b09-1ubuntu1-b09)
# Java VM: OpenJDK 64-Bit Server VM (25.252-b09 mixed mode linux-amd64 compressed oops)
Heap:
 PSYoungGen      total 267776K, used 156515K [0x00000000eb300000, 0x0000000100000000, 0x0000000100000000)
  eden space 212992K, 47% used [0x00000000eb300000,0x00000000f1668bb0,0x00000000f8300000)
  from space 54784K, 99% used [0x00000000f8300000,0x00000000fb870240,0x00000000fb880000)
  to   space 64512K, 0% used [0x00000000fc100000,0x00000000fc100000,0x0000000100000000)
 ParOldGen       total 683008K, used 291151K [0x00000000c1800000, 0x00000000eb300000, 0x00000000eb300000)
  object space 683008K, 42% used [0x00000000c1800000,0x00000000d3453e50,0x00000000eb300000)
 Metaspace       used 82178K, capacity 89452K, committed 89688K, reserved 1126400K
  class space    used 10925K, capacity 12567K, committed 12632K, reserved 1048576K
GC Heap History (10 events):
Event: 30783,996 GC heap before
{Heap before GC invocations=130 (full 3):
 PSYoungGen      total 279552K, used 270912K [0x00000000eb300000, 0x0000000100000000, 0x0000000100000000)
  eden space 219136K, 100% used [0x00000000eb300000,0x00000000f8900000,0x00000000f8900000)
  from space 60416K, 85% used [0x00000000fc500000,0x00000000ff790240,0x0000000100000000)
  to   space 60928K, 0% used [0x00000000f8900000,0x00000000f8900000,0x00000000fc480000)
 ParOldGen       total 683008K, used 275487K [0x00000000c1800000, 0x00000000eb300000, 0x00000000eb300000)
  object space 683008K, 40% used [0x00000000c1800000,0x00000000d2507e50,0x00000000eb300000)
 Metaspace       used 82042K, capacity 89220K, committed 89432K, reserved 1126400K
  class space    used 10916K, capacity 12531K, committed 12632K, reserved 1048576K
Event: 30784,255 GC heap after
Heap after GC invocations=130 (full 3):
 PSYoungGen      total 271872K, used 52625K [0x00000000eb300000, 0x0000000100000000, 0x0000000100000000)
  eden space 219136K, 0% used [0x00000000eb300000,0x00000000eb300000,0x00000000f8900000)
  from space 52736K, 99% used [0x00000000f8900000,0x00000000fbc64470,0x00000000fbc80000)
  to   space 61952K, 0% used [0x00000000fc380000,0x00000000fc380000,0x0000000100000000)
 ParOldGen       total 683008K, used 278343K [0x00000000c1800000, 0x00000000eb300000, 0x00000000eb300000)
  object space 683008K, 40% used [0x00000000c1800000,0x00000000d27d1e50,0x00000000eb300000)
 Metaspace       used 82042K, capacity 89220K, committed 89432K, reserved 1126400K
  class space    used 10916K, capacity 12531K, committed 12632K, reserved 1048576K
}
Event: 31627,546 GC heap before
{Heap before GC invocations=131 (full 3):
 PSYoungGen      total 271872K, used 271761K [0x00000000eb300000, 0x0000000100000000, 0x0000000100000000)
  eden space 219136K, 100% used [0x00000000eb300000,0x00000000f8900000,0x00000000f8900000)
  from space 52736K, 99% used [0x00000000f8900000,0x00000000fbc64470,0x00000000fbc80000)
  to   space 61952K, 0% used [0x00000000fc380000,0x00000000fc380000,0x0000000100000000)
 ParOldGen       total 683008K, used 278343K [0x00000000c1800000, 0x00000000eb300000, 0x00000000eb300000)
  object space 683008K, 40% used [0x00000000c1800000,0x00000000d27d1e50,0x00000000eb300000)
 Metaspace       used 82050K, capacity 89284K, committed 89432K, reserved 1126400K
  class space    used 10916K, capacity 12531K, committed 12632K, reserved 1048576K
Event: 31627,811 GC heap after
Heap after GC invocations=131 (full 3):
 PSYoungGen      total 278016K, used 53312K [0x00000000eb300000, 0x0000000100000000, 0x0000000100000000)
  eden space 216064K, 0% used [0x00000000eb300000,0x00000000eb300000,0x00000000f8600000)
  from space 61952K, 86% used [0x00000000fc380000,0x00000000ff790240,0x0000000100000000)
  to   space 62464K, 0% used [0x00000000f8600000,0x00000000f8600000,0x00000000fc300000)
 ParOldGen       total 683008K, used 281463K [0x00000000c1800000, 0x00000000eb300000, 0x00000000eb300000)
  object space 683008K, 41% used [0x00000000c1800000,0x00000000d2adde50,0x00000000eb300000)
 Metaspace       used 82050K, capacity 89284K, committed 89432K, reserved 1126400K
  class space    used 10916K, capacity 12531K, committed 12632K, reserved 1048576K
}
Event: 32456,417 GC heap before
{Heap before GC invocations=132 (full 3):
 PSYoungGen      total 278016K, used 269376K [0x00000000eb300000, 0x0000000100000000, 0x0000000100000000)
  eden space 216064K, 100% used [0x00000000eb300000,0x00000000f8600000,0x00000000f8600000)
  from space 61952K, 86% used [0x00000000fc380000,0x00000000ff790240,0x0000000100000000)
  to   space 62464K, 0% used [0x00000000f8600000,0x00000000f8600000,0x00000000fc300000)
 ParOldGen       total 683008K, used 281463K [0x00000000c1800000, 0x00000000eb300000, 0x00000000eb300000)
  object space 683008K, 41% used [0x00000000c1800000,0x00000000d2adde50,0x00000000eb300000)
 Metaspace       used 82062K, capacity 89284K, committed 89432K, reserved 1126400K
  class space    used 10916K, capacity 12531K, committed 12632K, reserved 1048576K
Event: 32456,655 GC heap after
Heap after GC invocations=132 (full 3):
 PSYoungGen      total 270336K, used 53920K [0x00000000eb300000, 0x0000000100000000, 0x0000000100000000)
  eden space 216064K, 0% used [0x00000000eb300000,0x00000000eb300000,0x00000000f8600000)
  from space 54272K, 99% used [0x00000000f8600000,0x00000000fbaa8240,0x00000000fbb00000)
  to   space 63488K, 0% used [0x00000000fc200000,0x00000000fc200000,0x0000000100000000)
 ParOldGen       total 683008K, used 284551K [0x00000000c1800000, 0x00000000eb300000, 0x00000000eb300000)
  object space 683008K, 41% used [0x00000000c1800000,0x00000000d2de1e50,0x00000000eb300000)
 Metaspace       used 82062K, capacity 89284K, committed 89432K, reserved 1126400K
  class space    used 10916K, capacity 12531K, committed 12632K, reserved 1048576K
}
Event: 33285,446 GC heap before
{Heap before GC invocations=133 (full 3):
 PSYoungGen      total 270336K, used 269984K [0x00000000eb300000, 0x0000000100000000, 0x0000000100000000)
  eden space 216064K, 100% used [0x00000000eb300000,0x00000000f8600000,0x00000000f8600000)
  from space 54272K, 99% used [0x00000000f8600000,0x00000000fbaa8240,0x00000000fbb00000)
  to   space 63488K, 0% used [0x00000000fc200000,0x00000000fc200000,0x0000000100000000)
 ParOldGen       total 683008K, used 284551K [0x00000000c1800000, 0x00000000eb300000, 0x00000000eb300000)
  object space 683008K, 41% used [0x00000000c1800000,0x00000000d2de1e50,0x00000000eb300000)
 Metaspace       used 82081K, capacity 89284K, committed 89432K, reserved 1126400K
  class space    used 10916K, capacity 12531K, committed 12632K, reserved 1048576K
Event: 33285,732 GC heap after
Heap after GC invocations=133 (full 3):
 PSYoungGen      total 276480K, used 54369K [0x00000000eb300000, 0x0000000100000000, 0x0000000100000000)
  eden space 212992K, 0% used [0x00000000eb300000,0x00000000eb300000,0x00000000f8300000)
  from space 63488K, 85% used [0x00000000fc200000,0x00000000ff7186a0,0x0000000100000000)
  to   space 64000K, 0% used [0x00000000f8300000,0x00000000f8300000,0x00000000fc180000)
 ParOldGen       total 683008K, used 287879K [0x00000000c1800000, 0x00000000eb300000, 0x00000000eb300000)
  object space 683008K, 42% used [0x00000000c1800000,0x00000000d3121e50,0x00000000eb300000)
 Metaspace       used 82081K, capacity 89284K, committed 89432K, reserved 1126400K
  class space    used 10916K, capacity 12531K, committed 12632K, reserved 1048576K
}
Event: 34103,146 GC heap before
{Heap before GC invocations=134 (full 3):
 PSYoungGen      total 276480K, used 267361K [0x00000000eb300000, 0x0000000100000000, 0x0000000100000000)
  eden space 212992K, 100% used [0x00000000eb300000,0x00000000f8300000,0x00000000f8300000)
  from space 63488K, 85% used [0x00000000fc200000,0x00000000ff7186a0,0x0000000100000000)
  to   space 64000K, 0% used [0x00000000f8300000,0x00000000f8300000,0x00000000fc180000)
 ParOldGen       total 683008K, used 287879K [0x00000000c1800000, 0x00000000eb300000, 0x00000000eb300000)
  object space 683008K, 42% used [0x00000000c1800000,0x00000000d3121e50,0x00000000eb300000)
 Metaspace       used 82109K, capacity 89284K, committed 89432K, reserved 1126400K
  class space    used 10916K, capacity 12531K, committed 12632K, reserved 1048576K
Event: 34103,490 GC heap after
Heap after GC invocations=134 (full 3):
 PSYoungGen      total 267776K, used 54720K [0x00000000eb300000, 0x0000000100000000, 0x0000000100000000)
  eden space 212992K, 0% used [0x00000000eb300000,0x00000000eb300000,0x00000000f8300000)
  from space 54784K, 99% used [0x00000000f8300000,0x00000000fb870240,0x00000000fb880000)
  to   space 64512K, 0% used [0x00000000fc100000,0x00000000fc100000,0x0000000100000000)
 ParOldGen       total 683008K, used 291151K [0x00000000c1800000, 0x00000000eb300000, 0x00000000eb300000)
  object space 683008K, 42% used [0x00000000c1800000,0x00000000d3453e50,0x00000000eb300000)
 Metaspace       used 82109K, capacity 89284K, committed 89432K, reserved 1126400K
  class space    used 10916K, capacity 12531K, committed 12632K, reserved 1048576K
}

